[2009-02-21 23:35:03] ERROR  #<Errno::EADDRINUSE: Address already in use - bind(2)>
[2009-02-21 23:35:03] ERROR  /opt/local/lib/ruby/gems/1.8/gems/mongrel-1.1.5/lib/mongrel/tcphack.rb:12:in `initialize_without_backlog'
[2009-02-21 23:35:03] ERROR  /opt/local/lib/ruby/gems/1.8/gems/mongrel-1.1.5/lib/mongrel/tcphack.rb:12:in `initialize'
[2009-02-21 23:35:03] ERROR  /opt/local/lib/ruby/gems/1.8/gems/ramaze-2009.02/lib/ramaze/adapter.rb:86:in `new'
[2009-02-21 23:35:03] ERROR  /opt/local/lib/ruby/gems/1.8/gems/ramaze-2009.02/lib/ramaze/adapter.rb:86:in `test_connection'
[2009-02-21 23:35:03] ERROR  /opt/local/lib/ruby/1.8/timeout.rb:62:in `timeout'
[2009-02-21 23:35:03] ERROR  /opt/local/lib/ruby/gems/1.8/gems/ramaze-2009.02/lib/ramaze/adapter.rb:85:in `test_connection'
[2009-02-21 23:35:03] ERROR  /opt/local/lib/ruby/gems/1.8/gems/ramaze-2009.02/lib/ramaze/adapter.rb:54:in `start_adapter'
[2009-02-21 23:35:03] ERROR  /opt/local/lib/ruby/gems/1.8/gems/ramaze-2009.02/lib/ramaze/adapter.rb:28:in `startup'
[2009-02-21 23:35:03] ERROR  /opt/local/lib/ruby/gems/1.8/gems/ramaze-2009.02/bin/../lib/ramaze.rb:95:in `startup'
[2009-02-21 23:35:03] ERROR  /opt/local/lib/ruby/gems/1.8/gems/ramaze-2009.02/bin/../lib/ramaze.rb:94:in `each'
[2009-02-21 23:35:03] ERROR  /opt/local/lib/ruby/gems/1.8/gems/ramaze-2009.02/bin/../lib/ramaze.rb:94:in `startup'
[2009-02-21 23:35:03] ERROR  Cannot open connection on 0.0.0.0:3001
[2009-02-21 23:35:03] ERROR  #<Errno::EADDRINUSE: Address already in use - bind(2)>
[2009-02-21 23:35:03] ERROR  /opt/local/lib/ruby/gems/1.8/gems/mongrel-1.1.5/lib/mongrel/tcphack.rb:12:in `initialize_without_backlog'
[2009-02-21 23:35:03] ERROR  /opt/local/lib/ruby/gems/1.8/gems/mongrel-1.1.5/lib/mongrel/tcphack.rb:12:in `initialize'
[2009-02-21 23:35:03] ERROR  /opt/local/lib/ruby/gems/1.8/gems/ramaze-2009.02/lib/ramaze/adapter.rb:86:in `new'
[2009-02-21 23:35:03] ERROR  /opt/local/lib/ruby/gems/1.8/gems/ramaze-2009.02/lib/ramaze/adapter.rb:86:in `test_connection'
[2009-02-21 23:35:03] ERROR  /opt/local/lib/ruby/1.8/timeout.rb:62:in `timeout'
[2009-02-21 23:35:03] ERROR  /opt/local/lib/ruby/gems/1.8/gems/ramaze-2009.02/lib/ramaze/adapter.rb:85:in `test_connection'
[2009-02-21 23:35:03] ERROR  /opt/local/lib/ruby/gems/1.8/gems/ramaze-2009.02/lib/ramaze/adapter.rb:54:in `start_adapter'
[2009-02-21 23:35:03] ERROR  /opt/local/lib/ruby/gems/1.8/gems/ramaze-2009.02/lib/ramaze/adapter.rb:28:in `startup'
[2009-02-21 23:35:03] ERROR  /opt/local/lib/ruby/gems/1.8/gems/ramaze-2009.02/bin/../lib/ramaze.rb:95:in `startup'
[2009-02-21 23:35:03] ERROR  /opt/local/lib/ruby/gems/1.8/gems/ramaze-2009.02/bin/../lib/ramaze.rb:94:in `each'
[2009-02-21 23:35:03] ERROR  /opt/local/lib/ruby/gems/1.8/gems/ramaze-2009.02/bin/../lib/ramaze.rb:94:in `startup'
[2009-02-21 23:35:03] ERROR  Cannot open connection on 0.0.0.0:3000
[2009-02-21 23:35:03] ERROR  #<Errno::EADDRINUSE: Address already in use - bind(2)>
[2009-02-21 23:35:03] ERROR  /opt/local/lib/ruby/gems/1.8/gems/mongrel-1.1.5/lib/mongrel/tcphack.rb:12:in `initialize_without_backlog'
[2009-02-21 23:35:03] ERROR  /opt/local/lib/ruby/gems/1.8/gems/mongrel-1.1.5/lib/mongrel/tcphack.rb:12:in `initialize'
[2009-02-21 23:35:03] ERROR  /opt/local/lib/ruby/gems/1.8/gems/ramaze-2009.02/lib/ramaze/adapter.rb:86:in `new'
[2009-02-21 23:35:03] ERROR  /opt/local/lib/ruby/gems/1.8/gems/ramaze-2009.02/lib/ramaze/adapter.rb:86:in `test_connection'
[2009-02-21 23:35:03] ERROR  /opt/local/lib/ruby/1.8/timeout.rb:62:in `timeout'
[2009-02-21 23:35:03] ERROR  /opt/local/lib/ruby/gems/1.8/gems/ramaze-2009.02/lib/ramaze/adapter.rb:85:in `test_connection'
[2009-02-21 23:35:03] ERROR  /opt/local/lib/ruby/gems/1.8/gems/ramaze-2009.02/lib/ramaze/adapter.rb:54:in `start_adapter'
[2009-02-21 23:35:03] ERROR  /opt/local/lib/ruby/gems/1.8/gems/ramaze-2009.02/lib/ramaze/adapter.rb:28:in `startup'
[2009-02-21 23:35:03] ERROR  /opt/local/lib/ruby/gems/1.8/gems/ramaze-2009.02/bin/../lib/ramaze.rb:95:in `startup'
[2009-02-21 23:35:03] ERROR  /opt/local/lib/ruby/gems/1.8/gems/ramaze-2009.02/bin/../lib/ramaze.rb:94:in `each'
[2009-02-21 23:35:03] ERROR  /opt/local/lib/ruby/gems/1.8/gems/ramaze-2009.02/bin/../lib/ramaze.rb:94:in `startup'
[2009-02-21 23:35:03] ERROR  Cannot open connection on 0.0.0.0:3002
